<?xml version="1.0" encoding="UTF-8"?>
<!-- Generated by org.testng.reporters.JUnitXMLReporter -->
<testsuite hostname="DESKTOP-HNRFIL6" ignored="0" tests="4" failures="1" timestamp="2021-08-17T17:46:17 EEST" time="11.11" errors="0">
  <testcase name="verifyGenreByID" time="3.286" classname="GenreServiseTest"/>
  <testcase name="checkAuthorEndpoints" time="4.013" classname="Tests"/>
  <testcase name="checkGenresEndpoints" time="0.845" classname="Tests">
    <failure type="java.lang.AssertionError" message="
Expecting ArrayList:
  [&amp;quot;Fairy tale&amp;quot;,
    &amp;quot;Fantasy&amp;quot;,
    &amp;quot;Biography/Autobiography&amp;quot;,
    &amp;quot;Historical fiction&amp;quot;,
    &amp;quot;Short story&amp;quot;,
    &amp;quot;Mythopoeia&amp;quot;,
    &amp;quot;Legend&amp;quot;,
    &amp;quot;Suspense/Thriller&amp;quot;,
    &amp;quot;Speech&amp;quot;,
    &amp;quot;Folklore&amp;quot;]
to contain:
  [&amp;quot;Leggend&amp;quot;]
but could not find the following element(s):
  [&amp;quot;Leggend&amp;quot;]
">
      <![CDATA[java.lang.AssertionError: 
Expecting ArrayList:
  ["Fairy tale",
    "Fantasy",
    "Biography/Autobiography",
    "Historical fiction",
    "Short story",
    "Mythopoeia",
    "Legend",
    "Suspense/Thriller",
    "Speech",
    "Folklore"]
to contain:
  ["Leggend"]
but could not find the following element(s):
  ["Leggend"]

at webservices.GenreWebService.verifyListGenresContainsGenre(GenreWebService.java:106)
at Tests.checkGenresEndpoints(Tests.java:17)
at java.util.ArrayList.forEach(ArrayList.java:1257)
... Removed 31 stack frames]]>
    </failure>
  </testcase> <!-- checkGenresEndpoints -->
  <testcase name="getAll" time="0.144" classname="Tests"/>
</testsuite>
