<?xml version="1.0" encoding="UTF-8"?>
<testsuite xmlns:xsi="http://www.w3.org/2001/XMLSchema-instance" xsi:noNamespaceSchemaLocation="https://maven.apache.org/surefire/maven-surefire-plugin/xsd/surefire-test-report.xsd" name="TestSuite" time="14.715" tests="4" errors="0" skipped="0" failures="1">
  <properties>
[...]
</properties>
  <testcase name="verifyGenreByID" classname="GenreServiseTest" time="3.394"/>
  <testcase name="checkAuthorEndpoints" classname="Tests" time="4.021"/>
  <testcase name="checkGenresEndpoints" classname="Tests" time="0.877">
    <failure message="&#10;Expecting ArrayList:&#10;  [&quot;Fairy tale&quot;,&#10;    &quot;Fantasy&quot;,&#10;    &quot;Biography/Autobiography&quot;,&#10;    &quot;Historical fiction&quot;,&#10;    &quot;Short story&quot;,&#10;    &quot;Mythopoeia&quot;,&#10;    &quot;Legend&quot;,&#10;    &quot;Suspense/Thriller&quot;,&#10;    &quot;Speech&quot;,&#10;    &quot;Folklore&quot;]&#10;to contain:&#10;  [&quot;Leggend&quot;]&#10;but could not find the following element(s):&#10;  [&quot;Leggend&quot;]&#10;" type="java.lang.AssertionError">java.lang.AssertionError: 

Expecting ArrayList:
  ["Fairy tale",
    "Fantasy",
    "Biography/Autobiography",
    "Historical fiction",
    "Short story",
    "Mythopoeia",
    "Legend",
    "Suspense/Thriller",
    "Speech",
    "Folklore"]
to contain:
  ["Leggend"]
but could not find the following element(s):
  ["Leggend"]

	at Tests.checkGenresEndpoints(Tests.java:17)
</failure>
    <system-out><![CDATA[Request URI:	http://localhost:8080/api/library/genres?orderType=desc
Request URI:	http://localhost:8080/api/library/genre/695
{
    "genreId": 695,
    "genreName": "Fantasy",
    "genreDescription": "Corporis eos possimus. Doloremque rerum aut eligendi suscipit incidunt repellendus qui. Rem sint sunt est recusandae ut aut."
}
Request URI:	http://localhost:8080/api/library/author/247/genres
[
    {
        "genreId": 695,
        "genreName": "Fantasy",
        "genreDescription": "Corporis eos possimus. Doloremque rerum aut eligendi suscipit incidunt repellendus qui. Rem sint sunt est recusandae ut aut."
    },
    {
        "genreId": 3879,
        "genreName": "Legend",
        "genreDescription": "Qui et voluptatem aut ut natus sit molestiae. Non consequuntur ut tempora sint harum. Animi perferendis similique rerum ut. Aut deleniti est quia. Corporis praesentium laudantium sed rerum."
    },
    {
        "genreId": 6065,
        "genreName": "Realistic fiction",
        "genreDescription": "Odio quod qui saepe. Sint magni dolor accusamus magnam non autem sed. Nemo molestiae veritatis maiores corporis ut perspiciatis qui. Molestiae rerum vitae dolorum qui. Illum natus molestiae quas in."
    },
    {
        "genreId": 6762,
        "genreName": "Western",
        "genreDescription": "Eum nam ut ducimus fugit et. Ipsum natus dolor. Quo nam debitis quasi sunt iste."
    },
    {
        "genreId": 9599,
        "genreName": "Classic",
        "genreDescription": "Odit voluptatem libero. Natus consequatur vel quo. Quod porro ad eaque dicta."
    }
]
Request URI:	http://localhost:8080/api/library/book/362/genre
{
    "genreId": 6762,
    "genreName": "Western",
    "genreDescription": "Eum nam ut ducimus fugit et. Ipsum natus dolor. Quo nam debitis quasi sunt iste."
}
Request URI:	http://localhost:8080/api/library/genres/search?query=Thriller
[
    {
        "genreId": 5692,
        "genreName": "Suspense/Thriller",
        "genreDescription": "Tempore et sit omnis quia. Magni iusto maxime. Nihil rerum harum asperiores ut ipsum. Quia nam incidunt minus. Sit et consequatur praesentium."
    }
]
Request URI:	http://localhost:8080/api/library/genre
{
    "genreId": 104,
    "genreName": "Chrildren's",
    "genreDescription": "About funny children and poor parents"
}
Request URI:	http://localhost:8080/api/library/genre
{
    "genreId": 104,
    "genreName": "Parent's",
    "genreDescription": "About difficulties in child-rearing"
}
Request URI:	http://localhost:8080/api/library/genre/104?forcibly=true

Request URI:	http://localhost:8080/api/library/genre/1?forcibly=true
{
    "timeStamp": "17:46:17.268 17-08-2021",
    "statusCode": 404,
    "error": "Not Found",
    "errorMessage": "Genre with 'genreId' = '1' doesn't exist!"
}
]]></system-out>
    <system-err><![CDATA[[main] ERROR io.qameta.allure.util.NamingUtils - Could not find parameter genreID
[main] ERROR io.qameta.allure.util.NamingUtils - Could not find parameter genreID
]]></system-err>
  </testcase>
  <testcase name="getAll" classname="Tests" time="1.077"/>
</testsuite>